{"/app/src/App.tsx": {"path":"/app/src/App.tsx","statementMap":{"0":{"start":{"line":14,"column":2},"end":{"line":32,"column":null}}},"fnMap":{"0":{"name":"App","decl":{"start":{"line":13,"column":16},"end":{"line":13,"column":22}},"loc":{"start":{"line":13,"column":22},"end":{"line":34,"column":null}}}},"branchMap":{},"s":{"0":0},"f":{"0":0},"b":{}}
,"/app/src/index.tsx": {"path":"/app/src/index.tsx","statementMap":{"0":{"start":{"line":5,"column":0},"end":{"line":5,"column":null}}},"fnMap":{},"branchMap":{},"s":{"0":0},"f":{},"b":{}}
,"/app/src/components/Dictionary.tsx": {"path":"/app/src/components/Dictionary.tsx","statementMap":{"0":{"start":{"line":5,"column":19},"end":{"line":46,"column":null}},"1":{"start":{"line":55,"column":38},"end":{"line":55,"column":null}},"2":{"start":{"line":56,"column":19},"end":{"line":56,"column":null}},"3":{"start":{"line":58,"column":20},"end":{"line":77,"column":null}},"4":{"start":{"line":59,"column":43},"end":{"line":59,"column":null}},"5":{"start":{"line":60,"column":4},"end":{"line":75,"column":null}},"6":{"start":{"line":61,"column":6},"end":{"line":74,"column":null}},"7":{"start":{"line":62,"column":20},"end":{"line":62,"column":null}},"8":{"start":{"line":63,"column":8},"end":{"line":73,"column":null}},"9":{"start":{"line":64,"column":10},"end":{"line":68,"column":null}},"10":{"start":{"line":70,"column":10},"end":{"line":72,"column":null}},"11":{"start":{"line":71,"column":12},"end":{"line":71,"column":null}},"12":{"start":{"line":76,"column":4},"end":{"line":76,"column":null}},"13":{"start":{"line":79,"column":24},"end":{"line":84,"column":null}},"14":{"start":{"line":80,"column":28},"end":{"line":80,"column":null}},"15":{"start":{"line":81,"column":4},"end":{"line":83,"column":null}},"16":{"start":{"line":82,"column":6},"end":{"line":82,"column":null}},"17":{"start":{"line":86,"column":28},"end":{"line":88,"column":null}},"18":{"start":{"line":87,"column":4},"end":{"line":87,"column":null}},"19":{"start":{"line":90,"column":2},"end":{"line":157,"column":null}},"20":{"start":{"line":100,"column":27},"end":{"line":100,"column":null}},"21":{"start":{"line":109,"column":14},"end":{"line":128,"column":null}},"22":{"start":{"line":118,"column":20},"end":{"line":125,"column":null}},"23":{"start":{"line":120,"column":37},"end":{"line":120,"column":null}},"24":{"start":{"line":134,"column":14},"end":{"line":152,"column":null}},"25":{"start":{"line":137,"column":33},"end":{"line":137,"column":null}},"26":{"start":{"line":144,"column":20},"end":{"line":149,"column":null}}},"fnMap":{"0":{"name":"Dictionary","decl":{"start":{"line":54,"column":16},"end":{"line":54,"column":29}},"loc":{"start":{"line":54,"column":29},"end":{"line":159,"column":null}}},"1":{"name":"(anonymous_1)","decl":{"start":{"line":58,"column":28},"end":{"line":58,"column":34}},"loc":{"start":{"line":58,"column":34},"end":{"line":77,"column":5}}},"2":{"name":"(anonymous_2)","decl":{"start":{"line":60,"column":39},"end":{"line":60,"column":40}},"loc":{"start":{"line":60,"column":63},"end":{"line":75,"column":5}}},"3":{"name":"(anonymous_3)","decl":{"start":{"line":61,"column":27},"end":{"line":61,"column":35}},"loc":{"start":{"line":61,"column":35},"end":{"line":74,"column":7}}},"4":{"name":"(anonymous_4)","decl":{"start":{"line":79,"column":32},"end":{"line":79,"column":38}},"loc":{"start":{"line":79,"column":38},"end":{"line":84,"column":5}}},"5":{"name":"(anonymous_5)","decl":{"start":{"line":81,"column":43},"end":{"line":81,"column":null}},"loc":{"start":{"line":82,"column":6},"end":{"line":82,"column":null}}},"6":{"name":"(anonymous_6)","decl":{"start":{"line":86,"column":28},"end":{"line":86,"column":29}},"loc":{"start":{"line":86,"column":50},"end":{"line":88,"column":null}}},"7":{"name":"(anonymous_7)","decl":{"start":{"line":100,"column":22},"end":{"line":100,"column":27}},"loc":{"start":{"line":100,"column":27},"end":{"line":100,"column":null}}},"8":{"name":"(anonymous_8)","decl":{"start":{"line":108,"column":31},"end":{"line":108,"column":32}},"loc":{"start":{"line":109,"column":14},"end":{"line":128,"column":null}}},"9":{"name":"(anonymous_9)","decl":{"start":{"line":117,"column":36},"end":{"line":117,"column":null}},"loc":{"start":{"line":118,"column":20},"end":{"line":125,"column":null}}},"10":{"name":"(anonymous_10)","decl":{"start":{"line":120,"column":31},"end":{"line":120,"column":37}},"loc":{"start":{"line":120,"column":37},"end":{"line":120,"column":null}}},"11":{"name":"(anonymous_11)","decl":{"start":{"line":133,"column":44},"end":{"line":133,"column":45}},"loc":{"start":{"line":134,"column":14},"end":{"line":152,"column":null}}},"12":{"name":"(anonymous_12)","decl":{"start":{"line":137,"column":27},"end":{"line":137,"column":33}},"loc":{"start":{"line":137,"column":33},"end":{"line":137,"column":null}}},"13":{"name":"(anonymous_13)","decl":{"start":{"line":143,"column":36},"end":{"line":143,"column":37}},"loc":{"start":{"line":144,"column":20},"end":{"line":149,"column":null}}}},"branchMap":{"0":{"loc":{"start":{"line":63,"column":8},"end":{"line":73,"column":null}},"type":"if","locations":[{"start":{"line":63,"column":8},"end":{"line":73,"column":null}},{"start":{"line":69,"column":15},"end":{"line":73,"column":null}}]},"1":{"loc":{"start":{"line":70,"column":10},"end":{"line":72,"column":null}},"type":"if","locations":[{"start":{"line":70,"column":10},"end":{"line":72,"column":null}},{"start":{},"end":{}}]},"2":{"loc":{"start":{"line":82,"column":6},"end":{"line":82,"column":null}},"type":"binary-expr","locations":[{"start":{"line":82,"column":6},"end":{"line":82,"column":62}},{"start":{"line":82,"column":62},"end":{"line":82,"column":null}}]},"3":{"loc":{"start":{"line":106,"column":9},"end":{"line":154,"column":null}},"type":"cond-expr","locations":[{"start":{"line":107,"column":10},"end":{"line":130,"column":null}},{"start":{"line":132,"column":10},"end":{"line":154,"column":null}}]}},"s":{"0":1,"1":21,"2":21,"3":21,"4":5,"5":5,"6":5,"7":60,"8":60,"9":60,"10":0,"11":0,"12":5,"13":21,"14":21,"15":21,"16":252,"17":21,"18":0,"19":21,"20":16,"21":26,"22":26,"23":0,"24":6,"25":0,"26":72},"f":{"0":21,"1":5,"2":5,"3":60,"4":21,"5":252,"6":0,"7":16,"8":26,"9":26,"10":0,"11":6,"12":0,"13":72},"b":{"0":[60,0],"1":[0,0],"2":[252,168],"3":[15,6]}}
,"/app/src/components/Home.tsx": {"path":"/app/src/components/Home.tsx","statementMap":{"0":{"start":{"line":5,"column":16},"end":{"line":30,"column":null}},"1":{"start":{"line":32,"column":22},"end":{"line":37,"column":null}},"2":{"start":{"line":40,"column":19},"end":{"line":40,"column":null}},"3":{"start":{"line":42,"column":2},"end":{"line":102,"column":null}},"4":{"start":{"line":56,"column":35},"end":{"line":56,"column":56}},"5":{"start":{"line":80,"column":14},"end":{"line":97,"column":null}},"6":{"start":{"line":82,"column":31},"end":{"line":82,"column":null}}},"fnMap":{"0":{"name":"Home","decl":{"start":{"line":39,"column":16},"end":{"line":39,"column":23}},"loc":{"start":{"line":39,"column":23},"end":{"line":104,"column":null}}},"1":{"name":"(anonymous_1)","decl":{"start":{"line":56,"column":29},"end":{"line":56,"column":35}},"loc":{"start":{"line":56,"column":35},"end":{"line":56,"column":56}}},"2":{"name":"(anonymous_2)","decl":{"start":{"line":79,"column":25},"end":{"line":79,"column":null}},"loc":{"start":{"line":80,"column":14},"end":{"line":97,"column":null}}},"3":{"name":"(anonymous_3)","decl":{"start":{"line":82,"column":25},"end":{"line":82,"column":31}},"loc":{"start":{"line":82,"column":31},"end":{"line":82,"column":null}}}},"branchMap":{},"s":{"0":1,"1":1,"2":6,"3":6,"4":1,"5":30,"6":2},"f":{"0":6,"1":1,"2":30,"3":2},"b":{}}
,"/app/src/components/Leaderboard.tsx": {"path":"/app/src/components/Leaderboard.tsx","statementMap":{"0":{"start":{"line":11,"column":32},"end":{"line":11,"column":null}},"1":{"start":{"line":13,"column":2},"end":{"line":32,"column":null}},"2":{"start":{"line":14,"column":28},"end":{"line":18,"column":null}},"3":{"start":{"line":20,"column":28},"end":{"line":20,"column":null}},"4":{"start":{"line":21,"column":4},"end":{"line":28,"column":null}},"5":{"start":{"line":22,"column":21},"end":{"line":22,"column":null}},"6":{"start":{"line":23,"column":6},"end":{"line":25,"column":null}},"7":{"start":{"line":24,"column":8},"end":{"line":24,"column":null}},"8":{"start":{"line":29,"column":23},"end":{"line":29,"column":null}},"9":{"start":{"line":30,"column":17},"end":{"line":30,"column":null}},"10":{"start":{"line":30,"column":49},"end":{"line":30,"column":68}},"11":{"start":{"line":31,"column":4},"end":{"line":31,"column":null}},"12":{"start":{"line":34,"column":2},"end":{"line":49,"column":null}},"13":{"start":{"line":41,"column":10},"end":{"line":46,"column":null}}},"fnMap":{"0":{"name":"Leaderboard","decl":{"start":{"line":10,"column":16},"end":{"line":10,"column":30}},"loc":{"start":{"line":10,"column":30},"end":{"line":51,"column":null}}},"1":{"name":"(anonymous_1)","decl":{"start":{"line":13,"column":12},"end":{"line":13,"column":18}},"loc":{"start":{"line":13,"column":18},"end":{"line":32,"column":5}}},"2":{"name":"(anonymous_2)","decl":{"start":{"line":30,"column":39},"end":{"line":30,"column":40}},"loc":{"start":{"line":30,"column":49},"end":{"line":30,"column":68}}},"3":{"name":"(anonymous_3)","decl":{"start":{"line":40,"column":21},"end":{"line":40,"column":22}},"loc":{"start":{"line":41,"column":10},"end":{"line":46,"column":null}}}},"branchMap":{"0":{"loc":{"start":{"line":23,"column":6},"end":{"line":25,"column":null}},"type":"if","locations":[{"start":{"line":23,"column":6},"end":{"line":25,"column":null}},{"start":{},"end":{}}]}},"s":{"0":10,"1":10,"2":5,"3":5,"4":5,"5":5,"6":5,"7":3,"8":5,"9":5,"10":17,"11":5,"12":10,"13":20},"f":{"0":10,"1":5,"2":17,"3":20},"b":{"0":[3,2]}}
,"/app/src/components/LessonDetail.tsx": {"path":"/app/src/components/LessonDetail.tsx","statementMap":{"0":{"start":{"line":5,"column":19},"end":{"line":46,"column":null}},"1":{"start":{"line":49,"column":19},"end":{"line":49,"column":null}},"2":{"start":{"line":50,"column":17},"end":{"line":50,"column":null}},"3":{"start":{"line":51,"column":17},"end":{"line":51,"column":null}},"4":{"start":{"line":53,"column":2},"end":{"line":55,"column":null}},"5":{"start":{"line":54,"column":4},"end":{"line":54,"column":null}},"6":{"start":{"line":57,"column":2},"end":{"line":94,"column":null}},"7":{"start":{"line":63,"column":29},"end":{"line":63,"column":null}},"8":{"start":{"line":72,"column":27},"end":{"line":72,"column":null}},"9":{"start":{"line":84,"column":14},"end":{"line":89,"column":null}}},"fnMap":{"0":{"name":"LessonDetail","decl":{"start":{"line":48,"column":16},"end":{"line":48,"column":31}},"loc":{"start":{"line":48,"column":31},"end":{"line":96,"column":null}}},"1":{"name":"(anonymous_1)","decl":{"start":{"line":63,"column":23},"end":{"line":63,"column":29}},"loc":{"start":{"line":63,"column":29},"end":{"line":63,"column":null}}},"2":{"name":"(anonymous_2)","decl":{"start":{"line":72,"column":21},"end":{"line":72,"column":27}},"loc":{"start":{"line":72,"column":27},"end":{"line":72,"column":null}}},"3":{"name":"(anonymous_3)","decl":{"start":{"line":83,"column":30},"end":{"line":83,"column":31}},"loc":{"start":{"line":84,"column":14},"end":{"line":89,"column":null}}}},"branchMap":{"0":{"loc":{"start":{"line":53,"column":2},"end":{"line":55,"column":null}},"type":"if","locations":[{"start":{"line":53,"column":2},"end":{"line":55,"column":null}},{"start":{},"end":{}}]}},"s":{"0":1,"1":4,"2":4,"3":4,"4":4,"5":1,"6":3,"7":1,"8":1,"9":36},"f":{"0":4,"1":1,"2":1,"3":36},"b":{"0":[1,3]}}
,"/app/src/components/Navigation.tsx": {"path":"/app/src/components/Navigation.tsx","statementMap":{"0":{"start":{"line":6,"column":19},"end":{"line":6,"column":null}},"1":{"start":{"line":7,"column":19},"end":{"line":7,"column":null}},"2":{"start":{"line":8,"column":19},"end":{"line":8,"column":null}},"3":{"start":{"line":8,"column":37},"end":{"line":8,"column":null}},"4":{"start":{"line":10,"column":2},"end":{"line":59,"column":null}},"5":{"start":{"line":14,"column":25},"end":{"line":14,"column":null}},"6":{"start":{"line":23,"column":25},"end":{"line":23,"column":null}},"7":{"start":{"line":32,"column":25},"end":{"line":32,"column":null}},"8":{"start":{"line":41,"column":25},"end":{"line":41,"column":null}},"9":{"start":{"line":50,"column":25},"end":{"line":50,"column":null}}},"fnMap":{"0":{"name":"Navigation","decl":{"start":{"line":5,"column":16},"end":{"line":5,"column":29}},"loc":{"start":{"line":5,"column":29},"end":{"line":61,"column":null}}},"1":{"name":"(anonymous_1)","decl":{"start":{"line":8,"column":19},"end":{"line":8,"column":20}},"loc":{"start":{"line":8,"column":37},"end":{"line":8,"column":null}}},"2":{"name":"(anonymous_2)","decl":{"start":{"line":14,"column":19},"end":{"line":14,"column":25}},"loc":{"start":{"line":14,"column":25},"end":{"line":14,"column":null}}},"3":{"name":"(anonymous_3)","decl":{"start":{"line":23,"column":19},"end":{"line":23,"column":25}},"loc":{"start":{"line":23,"column":25},"end":{"line":23,"column":null}}},"4":{"name":"(anonymous_4)","decl":{"start":{"line":32,"column":19},"end":{"line":32,"column":25}},"loc":{"start":{"line":32,"column":25},"end":{"line":32,"column":null}}},"5":{"name":"(anonymous_5)","decl":{"start":{"line":41,"column":19},"end":{"line":41,"column":25}},"loc":{"start":{"line":41,"column":25},"end":{"line":41,"column":null}}},"6":{"name":"(anonymous_6)","decl":{"start":{"line":50,"column":19},"end":{"line":50,"column":25}},"loc":{"start":{"line":50,"column":25},"end":{"line":50,"column":null}}}},"branchMap":{"0":{"loc":{"start":{"line":16,"column":12},"end":{"line":16,"column":null}},"type":"cond-expr","locations":[{"start":{"line":16,"column":28},"end":{"line":16,"column":65}},{"start":{"line":16,"column":65},"end":{"line":16,"column":null}}]},"1":{"loc":{"start":{"line":25,"column":12},"end":{"line":25,"column":null}},"type":"cond-expr","locations":[{"start":{"line":25,"column":38},"end":{"line":25,"column":75}},{"start":{"line":25,"column":75},"end":{"line":25,"column":null}}]},"2":{"loc":{"start":{"line":34,"column":12},"end":{"line":34,"column":null}},"type":"cond-expr","locations":[{"start":{"line":34,"column":33},"end":{"line":34,"column":70}},{"start":{"line":34,"column":70},"end":{"line":34,"column":null}}]},"3":{"loc":{"start":{"line":43,"column":12},"end":{"line":43,"column":null}},"type":"cond-expr","locations":[{"start":{"line":43,"column":39},"end":{"line":43,"column":76}},{"start":{"line":43,"column":76},"end":{"line":43,"column":null}}]},"4":{"loc":{"start":{"line":52,"column":12},"end":{"line":52,"column":null}},"type":"cond-expr","locations":[{"start":{"line":52,"column":36},"end":{"line":52,"column":73}},{"start":{"line":52,"column":73},"end":{"line":52,"column":null}}]}},"s":{"0":15,"1":15,"2":15,"3":75,"4":15,"5":1,"6":1,"7":1,"8":1,"9":1},"f":{"0":15,"1":75,"2":1,"3":1,"4":1,"5":1,"6":1},"b":{"0":[1,14],"1":[1,14],"2":[1,14],"3":[1,14],"4":[1,14]}}
,"/app/src/components/Review.tsx": {"path":"/app/src/components/Review.tsx","statementMap":{"0":{"start":{"line":6,"column":19},"end":{"line":47,"column":null}},"1":{"start":{"line":50,"column":36},"end":{"line":50,"column":null}},"2":{"start":{"line":51,"column":50},"end":{"line":51,"column":null}},"3":{"start":{"line":52,"column":28},"end":{"line":52,"column":null}},"4":{"start":{"line":53,"column":38},"end":{"line":53,"column":null}},"5":{"start":{"line":54,"column":19},"end":{"line":54,"column":null}},"6":{"start":{"line":55,"column":19},"end":{"line":55,"column":null}},"7":{"start":{"line":56,"column":26},"end":{"line":56,"column":null}},"8":{"start":{"line":58,"column":20},"end":{"line":76,"column":null}},"9":{"start":{"line":59,"column":28},"end":{"line":59,"column":null}},"10":{"start":{"line":60,"column":4},"end":{"line":67,"column":null}},"11":{"start":{"line":61,"column":21},"end":{"line":61,"column":null}},"12":{"start":{"line":62,"column":6},"end":{"line":64,"column":null}},"13":{"start":{"line":63,"column":8},"end":{"line":63,"column":null}},"14":{"start":{"line":66,"column":6},"end":{"line":66,"column":null}},"15":{"start":{"line":69,"column":20},"end":{"line":69,"column":null}},"16":{"start":{"line":71,"column":4},"end":{"line":75,"column":null}},"17":{"start":{"line":72,"column":6},"end":{"line":72,"column":null}},"18":{"start":{"line":74,"column":6},"end":{"line":74,"column":null}},"19":{"start":{"line":79,"column":2},"end":{"line":91,"column":null}},"20":{"start":{"line":80,"column":25},"end":{"line":80,"column":null}},"21":{"start":{"line":81,"column":21},"end":{"line":81,"column":null}},"22":{"start":{"line":82,"column":4},"end":{"line":90,"column":null}},"23":{"start":{"line":83,"column":26},"end":{"line":83,"column":null}},"24":{"start":{"line":84,"column":26},"end":{"line":88,"column":null}},"25":{"start":{"line":84,"column":51},"end":{"line":88,"column":8}},"26":{"start":{"line":89,"column":6},"end":{"line":89,"column":null}},"27":{"start":{"line":93,"column":2},"end":{"line":95,"column":null}},"28":{"start":{"line":94,"column":4},"end":{"line":94,"column":null}},"29":{"start":{"line":97,"column":22},"end":{"line":97,"column":null}},"30":{"start":{"line":98,"column":25},"end":{"line":98,"column":null}},"31":{"start":{"line":99,"column":20},"end":{"line":99,"column":null}},"32":{"start":{"line":101,"column":23},"end":{"line":113,"column":null}},"33":{"start":{"line":102,"column":4},"end":{"line":102,"column":null}},"34":{"start":{"line":103,"column":4},"end":{"line":112,"column":null}},"35":{"start":{"line":104,"column":6},"end":{"line":111,"column":null}},"36":{"start":{"line":105,"column":8},"end":{"line":105,"column":null}},"37":{"start":{"line":105,"column":36},"end":{"line":105,"column":44}},"38":{"start":{"line":106,"column":8},"end":{"line":106,"column":null}},"39":{"start":{"line":107,"column":8},"end":{"line":107,"column":null}},"40":{"start":{"line":109,"column":8},"end":{"line":109,"column":null}},"41":{"start":{"line":110,"column":8},"end":{"line":110,"column":null}},"42":{"start":{"line":115,"column":2},"end":{"line":245,"column":null}},"43":{"start":{"line":122,"column":31},"end":{"line":122,"column":null}},"44":{"start":{"line":129,"column":18},"end":{"line":139,"column":null}},"45":{"start":{"line":163,"column":25},"end":{"line":163,"column":null}},"46":{"start":{"line":183,"column":20},"end":{"line":183,"column":null}},"47":{"start":{"line":184,"column":20},"end":{"line":184,"column":null}},"48":{"start":{"line":196,"column":27},"end":{"line":196,"column":null}},"49":{"start":{"line":208,"column":27},"end":{"line":208,"column":null}},"50":{"start":{"line":220,"column":27},"end":{"line":220,"column":null}},"51":{"start":{"line":232,"column":27},"end":{"line":232,"column":null}}},"fnMap":{"0":{"name":"Review","decl":{"start":{"line":49,"column":16},"end":{"line":49,"column":25}},"loc":{"start":{"line":49,"column":25},"end":{"line":247,"column":null}}},"1":{"name":"(anonymous_1)","decl":{"start":{"line":58,"column":20},"end":{"line":58,"column":21}},"loc":{"start":{"line":58,"column":47},"end":{"line":76,"column":null}}},"2":{"name":"(anonymous_2)","decl":{"start":{"line":79,"column":12},"end":{"line":79,"column":18}},"loc":{"start":{"line":79,"column":18},"end":{"line":91,"column":5}}},"3":{"name":"(anonymous_3)","decl":{"start":{"line":84,"column":42},"end":{"line":84,"column":51}},"loc":{"start":{"line":84,"column":51},"end":{"line":88,"column":8}}},"4":{"name":"(anonymous_4)","decl":{"start":{"line":101,"column":23},"end":{"line":101,"column":24}},"loc":{"start":{"line":101,"column":71},"end":{"line":113,"column":null}}},"5":{"name":"(anonymous_5)","decl":{"start":{"line":103,"column":15},"end":{"line":103,"column":21}},"loc":{"start":{"line":103,"column":21},"end":{"line":112,"column":7}}},"6":{"name":"(anonymous_6)","decl":{"start":{"line":105,"column":28},"end":{"line":105,"column":36}},"loc":{"start":{"line":105,"column":36},"end":{"line":105,"column":44}}},"7":{"name":"(anonymous_7)","decl":{"start":{"line":122,"column":25},"end":{"line":122,"column":31}},"loc":{"start":{"line":122,"column":31},"end":{"line":122,"column":null}}},"8":{"name":"(anonymous_8)","decl":{"start":{"line":128,"column":27},"end":{"line":128,"column":28}},"loc":{"start":{"line":129,"column":18},"end":{"line":139,"column":null}}},"9":{"name":"(anonymous_9)","decl":{"start":{"line":163,"column":19},"end":{"line":163,"column":25}},"loc":{"start":{"line":163,"column":25},"end":{"line":163,"column":null}}},"10":{"name":"(anonymous_10)","decl":{"start":{"line":182,"column":27},"end":{"line":182,"column":32}},"loc":{"start":{"line":182,"column":32},"end":{"line":185,"column":null}}},"11":{"name":"(anonymous_11)","decl":{"start":{"line":196,"column":21},"end":{"line":196,"column":27}},"loc":{"start":{"line":196,"column":27},"end":{"line":196,"column":null}}},"12":{"name":"(anonymous_12)","decl":{"start":{"line":208,"column":21},"end":{"line":208,"column":27}},"loc":{"start":{"line":208,"column":27},"end":{"line":208,"column":null}}},"13":{"name":"(anonymous_13)","decl":{"start":{"line":220,"column":21},"end":{"line":220,"column":27}},"loc":{"start":{"line":220,"column":27},"end":{"line":220,"column":null}}},"14":{"name":"(anonymous_14)","decl":{"start":{"line":232,"column":21},"end":{"line":232,"column":27}},"loc":{"start":{"line":232,"column":27},"end":{"line":232,"column":null}}}},"branchMap":{"0":{"loc":{"start":{"line":62,"column":6},"end":{"line":64,"column":null}},"type":"if","locations":[{"start":{"line":62,"column":6},"end":{"line":64,"column":null}},{"start":{},"end":{}}]},"1":{"loc":{"start":{"line":82,"column":4},"end":{"line":90,"column":null}},"type":"if","locations":[{"start":{"line":82,"column":4},"end":{"line":90,"column":null}},{"start":{},"end":{}}]},"2":{"loc":{"start":{"line":82,"column":8},"end":{"line":82,"column":42}},"type":"binary-expr","locations":[{"start":{"line":82,"column":8},"end":{"line":82,"column":20}},{"start":{"line":82,"column":20},"end":{"line":82,"column":42}}]},"3":{"loc":{"start":{"line":93,"column":2},"end":{"line":95,"column":null}},"type":"if","locations":[{"start":{"line":93,"column":2},"end":{"line":95,"column":null}},{"start":{},"end":{}}]},"4":{"loc":{"start":{"line":104,"column":6},"end":{"line":111,"column":null}},"type":"if","locations":[{"start":{"line":104,"column":6},"end":{"line":111,"column":null}},{"start":{"line":108,"column":13},"end":{"line":111,"column":null}}]},"5":{"loc":{"start":{"line":133,"column":22},"end":{"line":137,"column":null}},"type":"cond-expr","locations":[{"start":{"line":134,"column":26},"end":{"line":134,"column":null}},{"start":{"line":135,"column":26},"end":{"line":137,"column":null}}]},"6":{"loc":{"start":{"line":135,"column":26},"end":{"line":137,"column":null}},"type":"cond-expr","locations":[{"start":{"line":136,"column":26},"end":{"line":136,"column":null}},{"start":{"line":137,"column":26},"end":{"line":137,"column":null}}]},"7":{"loc":{"start":{"line":161,"column":12},"end":{"line":161,"column":null}},"type":"cond-expr","locations":[{"start":{"line":161,"column":24},"end":{"line":161,"column":59}},{"start":{"line":161,"column":59},"end":{"line":161,"column":null}}]},"8":{"loc":{"start":{"line":163,"column":25},"end":{"line":163,"column":null}},"type":"binary-expr","locations":[{"start":{"line":163,"column":25},"end":{"line":163,"column":40}},{"start":{"line":163,"column":40},"end":{"line":163,"column":null}}]},"9":{"loc":{"start":{"line":166,"column":13},"end":{"line":190,"column":null}},"type":"cond-expr","locations":[{"start":{"line":167,"column":14},"end":{"line":173,"column":null}},{"start":{"line":175,"column":14},"end":{"line":190,"column":null}}]},"10":{"loc":{"start":{"line":197,"column":22},"end":{"line":197,"column":null}},"type":"binary-expr","locations":[{"start":{"line":197,"column":22},"end":{"line":197,"column":36}},{"start":{"line":197,"column":36},"end":{"line":197,"column":null}}]},"11":{"loc":{"start":{"line":200,"column":16},"end":{"line":202,"column":null}},"type":"cond-expr","locations":[{"start":{"line":201,"column":20},"end":{"line":201,"column":null}},{"start":{"line":202,"column":20},"end":{"line":202,"column":null}}]},"12":{"loc":{"start":{"line":200,"column":16},"end":{"line":200,"column":null}},"type":"binary-expr","locations":[{"start":{"line":200,"column":16},"end":{"line":200,"column":30}},{"start":{"line":200,"column":30},"end":{"line":200,"column":null}}]},"13":{"loc":{"start":{"line":209,"column":22},"end":{"line":209,"column":null}},"type":"binary-expr","locations":[{"start":{"line":209,"column":22},"end":{"line":209,"column":36}},{"start":{"line":209,"column":36},"end":{"line":209,"column":null}}]},"14":{"loc":{"start":{"line":212,"column":16},"end":{"line":214,"column":null}},"type":"cond-expr","locations":[{"start":{"line":213,"column":20},"end":{"line":213,"column":null}},{"start":{"line":214,"column":20},"end":{"line":214,"column":null}}]},"15":{"loc":{"start":{"line":212,"column":16},"end":{"line":212,"column":null}},"type":"binary-expr","locations":[{"start":{"line":212,"column":16},"end":{"line":212,"column":30}},{"start":{"line":212,"column":30},"end":{"line":212,"column":null}}]},"16":{"loc":{"start":{"line":221,"column":22},"end":{"line":221,"column":null}},"type":"binary-expr","locations":[{"start":{"line":221,"column":22},"end":{"line":221,"column":36}},{"start":{"line":221,"column":36},"end":{"line":221,"column":null}}]},"17":{"loc":{"start":{"line":224,"column":16},"end":{"line":226,"column":null}},"type":"cond-expr","locations":[{"start":{"line":225,"column":20},"end":{"line":225,"column":null}},{"start":{"line":226,"column":20},"end":{"line":226,"column":null}}]},"18":{"loc":{"start":{"line":224,"column":16},"end":{"line":224,"column":null}},"type":"binary-expr","locations":[{"start":{"line":224,"column":16},"end":{"line":224,"column":30}},{"start":{"line":224,"column":30},"end":{"line":224,"column":null}}]},"19":{"loc":{"start":{"line":233,"column":22},"end":{"line":233,"column":null}},"type":"binary-expr","locations":[{"start":{"line":233,"column":22},"end":{"line":233,"column":36}},{"start":{"line":233,"column":36},"end":{"line":233,"column":null}}]},"20":{"loc":{"start":{"line":236,"column":16},"end":{"line":238,"column":null}},"type":"cond-expr","locations":[{"start":{"line":237,"column":20},"end":{"line":237,"column":null}},{"start":{"line":238,"column":20},"end":{"line":238,"column":null}}]},"21":{"loc":{"start":{"line":236,"column":16},"end":{"line":236,"column":null}},"type":"binary-expr","locations":[{"start":{"line":236,"column":16},"end":{"line":236,"column":30}},{"start":{"line":236,"column":30},"end":{"line":236,"column":null}}]}},"s":{"0":1,"1":48,"2":48,"3":48,"4":48,"5":48,"6":48,"7":48,"8":48,"9":1,"10":1,"11":1,"12":1,"13":0,"14":0,"15":1,"16":1,"17":1,"18":0,"19":48,"20":5,"21":5,"22":5,"23":4,"24":4,"25":48,"26":4,"27":48,"28":5,"29":43,"30":43,"31":43,"32":43,"33":13,"34":13,"35":13,"36":12,"37":12,"38":12,"39":12,"40":1,"41":1,"42":43,"43":0,"44":516,"45":14,"46":0,"47":0,"48":0,"49":0,"50":13,"51":0},"f":{"0":48,"1":1,"2":5,"3":48,"4":13,"5":13,"6":12,"7":0,"8":516,"9":14,"10":0,"11":0,"12":0,"13":13,"14":0},"b":{"0":[0,1],"1":[4,1],"2":[5,4],"3":[5,43],"4":[12,1],"5":[43,473],"6":[199,274],"7":[27,16],"8":[14,14],"9":[16,27],"10":[43,27],"11":[29,14],"12":[43,27],"13":[43,27],"14":[29,14],"15":[43,27],"16":[43,27],"17":[29,14],"18":[43,27],"19":[43,27],"20":[29,14],"21":[43,27]}}
,"/app/src/components/Settings.tsx": {"path":"/app/src/components/Settings.tsx","statementMap":{"0":{"start":{"line":7,"column":41},"end":{"line":7,"column":null}},"1":{"start":{"line":9,"column":2},"end":{"line":53,"column":null}}},"fnMap":{"0":{"name":"Settings","decl":{"start":{"line":6,"column":16},"end":{"line":6,"column":27}},"loc":{"start":{"line":6,"column":27},"end":{"line":55,"column":null}}}},"branchMap":{"0":{"loc":{"start":{"line":29,"column":35},"end":{"line":29,"column":77}},"type":"cond-expr","locations":[{"start":{"line":29,"column":48},"end":{"line":29,"column":64}},{"start":{"line":29,"column":64},"end":{"line":29,"column":77}}]},"1":{"loc":{"start":{"line":34,"column":16},"end":{"line":34,"column":null}},"type":"cond-expr","locations":[{"start":{"line":34,"column":29},"end":{"line":34,"column":41}},{"start":{"line":34,"column":41},"end":{"line":34,"column":null}}]}},"s":{"0":4,"1":4},"f":{"0":4},"b":{"0":[1,3],"1":[1,3]}}
,"/app/src/components/Stats.tsx": {"path":"/app/src/components/Stats.tsx","statementMap":{"0":{"start":{"line":6,"column":28},"end":{"line":6,"column":null}},"1":{"start":{"line":8,"column":2},"end":{"line":18,"column":null}},"2":{"start":{"line":9,"column":4},"end":{"line":17,"column":null}},"3":{"start":{"line":10,"column":21},"end":{"line":10,"column":null}},"4":{"start":{"line":11,"column":6},"end":{"line":14,"column":null}},"5":{"start":{"line":12,"column":44},"end":{"line":12,"column":null}},"6":{"start":{"line":13,"column":8},"end":{"line":13,"column":null}},"7":{"start":{"line":13,"column":26},"end":{"line":13,"column":49}},"8":{"start":{"line":16,"column":6},"end":{"line":16,"column":null}},"9":{"start":{"line":20,"column":20},"end":{"line":20,"column":null}},"10":{"start":{"line":21,"column":24},"end":{"line":24,"column":null}},"11":{"start":{"line":25,"column":22},"end":{"line":27,"column":null}},"12":{"start":{"line":29,"column":2},"end":{"line":69,"column":null}}},"fnMap":{"0":{"name":"Stats","decl":{"start":{"line":5,"column":16},"end":{"line":5,"column":24}},"loc":{"start":{"line":5,"column":24},"end":{"line":71,"column":null}}},"1":{"name":"(anonymous_1)","decl":{"start":{"line":8,"column":12},"end":{"line":8,"column":18}},"loc":{"start":{"line":8,"column":18},"end":{"line":18,"column":5}}},"2":{"name":"(anonymous_2)","decl":{"start":{"line":13,"column":17},"end":{"line":13,"column":26}},"loc":{"start":{"line":13,"column":26},"end":{"line":13,"column":49}}}},"branchMap":{"0":{"loc":{"start":{"line":11,"column":6},"end":{"line":14,"column":null}},"type":"if","locations":[{"start":{"line":11,"column":6},"end":{"line":14,"column":null}},{"start":{},"end":{}}]},"1":{"loc":{"start":{"line":25,"column":22},"end":{"line":27,"column":null}},"type":"cond-expr","locations":[{"start":{"line":26,"column":6},"end":{"line":26,"column":null}},{"start":{"line":27,"column":6},"end":{"line":27,"column":null}}]}},"s":{"0":9,"1":9,"2":6,"3":6,"4":6,"5":4,"6":3,"7":3,"8":1,"9":9,"10":9,"11":9,"12":9},"f":{"0":9,"1":6,"2":3},"b":{"0":[4,2],"1":[0,9]}}
,"/app/src/contexts/ThemeContext.tsx": {"path":"/app/src/contexts/ThemeContext.tsx","statementMap":{"0":{"start":{"line":8,"column":21},"end":{"line":13,"column":null}},"1":{"start":{"line":11,"column":4},"end":{"line":11,"column":null}},"2":{"start":{"line":16,"column":38},"end":{"line":19,"column":null}},"3":{"start":{"line":17,"column":18},"end":{"line":17,"column":null}},"4":{"start":{"line":18,"column":4},"end":{"line":18,"column":null}},"5":{"start":{"line":21,"column":2},"end":{"line":28,"column":null}},"6":{"start":{"line":22,"column":4},"end":{"line":22,"column":null}},"7":{"start":{"line":23,"column":4},"end":{"line":27,"column":null}},"8":{"start":{"line":24,"column":6},"end":{"line":24,"column":null}},"9":{"start":{"line":26,"column":6},"end":{"line":26,"column":null}},"10":{"start":{"line":30,"column":25},"end":{"line":32,"column":null}},"11":{"start":{"line":31,"column":4},"end":{"line":31,"column":null}},"12":{"start":{"line":34,"column":2},"end":{"line":37,"column":null}}},"fnMap":{"0":{"name":"(anonymous_0)","decl":{"start":{"line":10,"column":18},"end":{"line":10,"column":24}},"loc":{"start":{"line":10,"column":24},"end":{"line":12,"column":null}}},"1":{"name":"ThemeProvider","decl":{"start":{"line":15,"column":16},"end":{"line":15,"column":30}},"loc":{"start":{"line":15,"column":75},"end":{"line":39,"column":null}}},"2":{"name":"(anonymous_2)","decl":{"start":{"line":16,"column":47},"end":{"line":16,"column":53}},"loc":{"start":{"line":16,"column":53},"end":{"line":19,"column":3}}},"3":{"name":"(anonymous_3)","decl":{"start":{"line":21,"column":12},"end":{"line":21,"column":18}},"loc":{"start":{"line":21,"column":18},"end":{"line":28,"column":5}}},"4":{"name":"(anonymous_4)","decl":{"start":{"line":30,"column":25},"end":{"line":30,"column":31}},"loc":{"start":{"line":30,"column":31},"end":{"line":32,"column":null}}}},"branchMap":{"0":{"loc":{"start":{"line":18,"column":11},"end":{"line":18,"column":null}},"type":"cond-expr","locations":[{"start":{"line":18,"column":19},"end":{"line":18,"column":39}},{"start":{"line":18,"column":39},"end":{"line":18,"column":null}}]},"1":{"loc":{"start":{"line":23,"column":4},"end":{"line":27,"column":null}},"type":"if","locations":[{"start":{"line":23,"column":4},"end":{"line":27,"column":null}},{"start":{"line":25,"column":11},"end":{"line":27,"column":null}}]}},"s":{"0":2,"1":0,"2":5,"3":3,"4":3,"5":5,"6":5,"7":5,"8":2,"9":3,"10":5,"11":2,"12":5},"f":{"0":0,"1":5,"2":3,"3":5,"4":2},"b":{"0":[1,2],"1":[2,3]}}
,"/app/src/utils/updateStats.ts": {"path":"/app/src/utils/updateStats.ts","statementMap":{"0":{"start":{"line":12,"column":40},"end":{"line":21,"column":null}},"1":{"start":{"line":29,"column":8},"end":{"line":29,"column":null}},"2":{"start":{"line":30,"column":16},"end":{"line":30,"column":null}},"3":{"start":{"line":32,"column":28},"end":{"line":32,"column":null}},"4":{"start":{"line":33,"column":2},"end":{"line":33,"column":null}},"5":{"start":{"line":34,"column":2},"end":{"line":34,"column":null}},"6":{"start":{"line":35,"column":2},"end":{"line":35,"column":null}},"7":{"start":{"line":37,"column":2},"end":{"line":51,"column":null}},"8":{"start":{"line":38,"column":4},"end":{"line":38,"column":null}},"9":{"start":{"line":40,"column":4},"end":{"line":48,"column":null}},"10":{"start":{"line":41,"column":12},"end":{"line":44,"column":null}},"11":{"start":{"line":45,"column":6},"end":{"line":45,"column":null}},"12":{"start":{"line":47,"column":6},"end":{"line":47,"column":null}},"13":{"start":{"line":49,"column":4},"end":{"line":49,"column":null}},"14":{"start":{"line":50,"column":4},"end":{"line":50,"column":null}},"15":{"start":{"line":53,"column":2},"end":{"line":55,"column":null}},"16":{"start":{"line":54,"column":4},"end":{"line":54,"column":null}},"17":{"start":{"line":58,"column":2},"end":{"line":58,"column":null}},"18":{"start":{"line":60,"column":2},"end":{"line":60,"column":null}}},"fnMap":{"0":{"name":"updateStats","decl":{"start":{"line":23,"column":16},"end":{"line":23,"column":null}},"loc":{"start":{"line":28,"column":14},"end":{"line":61,"column":null}}}},"branchMap":{"0":{"loc":{"start":{"line":27,"column":2},"end":{"line":27,"column":null}},"type":"default-arg","locations":[{"start":{"line":27,"column":16},"end":{"line":27,"column":null}}]},"1":{"loc":{"start":{"line":37,"column":2},"end":{"line":51,"column":null}},"type":"if","locations":[{"start":{"line":37,"column":2},"end":{"line":51,"column":null}},{"start":{"line":39,"column":9},"end":{"line":51,"column":null}}]},"2":{"loc":{"start":{"line":40,"column":4},"end":{"line":48,"column":null}},"type":"if","locations":[{"start":{"line":40,"column":4},"end":{"line":48,"column":null}},{"start":{"line":46,"column":11},"end":{"line":48,"column":null}}]},"3":{"loc":{"start":{"line":45,"column":28},"end":{"line":45,"column":null}},"type":"cond-expr","locations":[{"start":{"line":45,"column":41},"end":{"line":45,"column":67}},{"start":{"line":45,"column":67},"end":{"line":45,"column":null}}]},"4":{"loc":{"start":{"line":53,"column":2},"end":{"line":55,"column":null}},"type":"if","locations":[{"start":{"line":53,"column":2},"end":{"line":55,"column":null}},{"start":{},"end":{}}]}},"s":{"0":4,"1":2,"2":2,"3":2,"4":2,"5":2,"6":2,"7":2,"8":0,"9":2,"10":0,"11":0,"12":2,"13":2,"14":2,"15":2,"16":2,"17":2,"18":2},"f":{"0":2},"b":{"0":[1],"1":[0,2],"2":[0,2],"3":[0,0],"4":[2,0]}}
}
